{"C:\\Users\\jesus\\Desktop\\SeeQL\\src\\hooks\\useSqlVisualizer.ts": {"path":"C:\\Users\\jesus\\Desktop\\SeeQL\\src\\hooks\\useSqlVisualizer.ts","statementMap":{"0":{"start":{"line":28,"column":22},"end":{"line":38,"column":null}},"1":{"start":{"line":29,"column":2},"end":{"line":29,"column":null}},"2":{"start":{"line":29,"column":13},"end":{"line":29,"column":null}},"3":{"start":{"line":30,"column":2},"end":{"line":30,"column":null}},"4":{"start":{"line":30,"column":33},"end":{"line":30,"column":null}},"5":{"start":{"line":32,"column":18},"end":{"line":34,"column":null}},"6":{"start":{"line":33,"column":4},"end":{"line":33,"column":null}},"7":{"start":{"line":36,"column":2},"end":{"line":36,"column":null}},"8":{"start":{"line":36,"column":28},"end":{"line":36,"column":null}},"9":{"start":{"line":37,"column":2},"end":{"line":37,"column":null}},"10":{"start":{"line":40,"column":29},"end":{"line":94,"column":null}},"11":{"start":{"line":41,"column":2},"end":{"line":41,"column":null}},"12":{"start":{"line":41,"column":12},"end":{"line":41,"column":null}},"13":{"start":{"line":44,"column":2},"end":{"line":47,"column":null}},"14":{"start":{"line":45,"column":16},"end":{"line":45,"column":null}},"15":{"start":{"line":46,"column":4},"end":{"line":46,"column":null}},"16":{"start":{"line":49,"column":2},"end":{"line":51,"column":null}},"17":{"start":{"line":50,"column":4},"end":{"line":50,"column":null}},"18":{"start":{"line":53,"column":2},"end":{"line":91,"column":null}},"19":{"start":{"line":54,"column":38},"end":{"line":54,"column":null}},"20":{"start":{"line":57,"column":4},"end":{"line":59,"column":null}},"21":{"start":{"line":58,"column":6},"end":{"line":58,"column":null}},"22":{"start":{"line":60,"column":4},"end":{"line":62,"column":null}},"23":{"start":{"line":61,"column":6},"end":{"line":61,"column":null}},"24":{"start":{"line":65,"column":25},"end":{"line":70,"column":null}},"25":{"start":{"line":66,"column":6},"end":{"line":66,"column":null}},"26":{"start":{"line":66,"column":17},"end":{"line":66,"column":null}},"27":{"start":{"line":67,"column":6},"end":{"line":67,"column":null}},"28":{"start":{"line":67,"column":38},"end":{"line":67,"column":null}},"29":{"start":{"line":68,"column":6},"end":{"line":68,"column":null}},"30":{"start":{"line":68,"column":99},"end":{"line":68,"column":null}},"31":{"start":{"line":69,"column":6},"end":{"line":69,"column":null}},"32":{"start":{"line":72,"column":20},"end":{"line":72,"column":null}},"33":{"start":{"line":73,"column":21},"end":{"line":73,"column":null}},"34":{"start":{"line":76,"column":4},"end":{"line":76,"column":null}},"35":{"start":{"line":76,"column":61},"end":{"line":76,"column":null}},"36":{"start":{"line":78,"column":4},"end":{"line":90,"column":null}},"37":{"start":{"line":79,"column":16},"end":{"line":79,"column":null}},"38":{"start":{"line":80,"column":16},"end":{"line":80,"column":null}},"39":{"start":{"line":81,"column":16},"end":{"line":81,"column":null}},"40":{"start":{"line":82,"column":17},"end":{"line":82,"column":null}},"41":{"start":{"line":83,"column":17},"end":{"line":83,"column":null}},"42":{"start":{"line":85,"column":17},"end":{"line":85,"column":null}},"43":{"start":{"line":87,"column":22},"end":{"line":87,"column":null}},"44":{"start":{"line":88,"column":8},"end":{"line":88,"column":null}},"45":{"start":{"line":89,"column":15},"end":{"line":89,"column":null}},"46":{"start":{"line":93,"column":2},"end":{"line":93,"column":null}},"47":{"start":{"line":96,"column":32},"end":{"line":219,"column":null}},"48":{"start":{"line":97,"column":38},"end":{"line":97,"column":null}},"49":{"start":{"line":98,"column":30},"end":{"line":98,"column":null}},"50":{"start":{"line":99,"column":36},"end":{"line":99,"column":null}},"51":{"start":{"line":100,"column":44},"end":{"line":100,"column":null}},"52":{"start":{"line":101,"column":36},"end":{"line":101,"column":null}},"53":{"start":{"line":102,"column":28},"end":{"line":102,"column":null}},"54":{"start":{"line":103,"column":28},"end":{"line":103,"column":null}},"55":{"start":{"line":104,"column":38},"end":{"line":104,"column":null}},"56":{"start":{"line":105,"column":32},"end":{"line":105,"column":null}},"57":{"start":{"line":108,"column":24},"end":{"line":108,"column":null}},"58":{"start":{"line":110,"column":2},"end":{"line":216,"column":null}},"59":{"start":{"line":111,"column":23},"end":{"line":111,"column":null}},"60":{"start":{"line":113,"column":4},"end":{"line":118,"column":null}},"61":{"start":{"line":114,"column":6},"end":{"line":114,"column":27}},"62":{"start":{"line":114,"column":27},"end":{"line":114,"column":46}},"63":{"start":{"line":114,"column":46},"end":{"line":114,"column":null}},"64":{"start":{"line":115,"column":6},"end":{"line":115,"column":30}},"65":{"start":{"line":115,"column":30},"end":{"line":115,"column":52}},"66":{"start":{"line":115,"column":52},"end":{"line":115,"column":null}},"67":{"start":{"line":116,"column":6},"end":{"line":116,"column":22}},"68":{"start":{"line":116,"column":22},"end":{"line":116,"column":43}},"69":{"start":{"line":116,"column":43},"end":{"line":116,"column":63}},"70":{"start":{"line":116,"column":63},"end":{"line":116,"column":null}},"71":{"start":{"line":117,"column":6},"end":{"line":117,"column":null}},"72":{"start":{"line":120,"column":35},"end":{"line":120,"column":null}},"73":{"start":{"line":121,"column":47},"end":{"line":121,"column":null}},"74":{"start":{"line":122,"column":16},"end":{"line":122,"column":null}},"75":{"start":{"line":123,"column":41},"end":{"line":123,"column":null}},"76":{"start":{"line":124,"column":27},"end":{"line":124,"column":null}},"77":{"start":{"line":126,"column":22},"end":{"line":126,"column":null}},"78":{"start":{"line":127,"column":4},"end":{"line":130,"column":null}},"79":{"start":{"line":128,"column":6},"end":{"line":128,"column":null}},"80":{"start":{"line":129,"column":6},"end":{"line":129,"column":null}},"81":{"start":{"line":132,"column":27},"end":{"line":132,"column":null}},"82":{"start":{"line":134,"column":4},"end":{"line":136,"column":null}},"83":{"start":{"line":135,"column":6},"end":{"line":135,"column":null}},"84":{"start":{"line":135,"column":45},"end":{"line":135,"column":null}},"85":{"start":{"line":138,"column":24},"end":{"line":138,"column":null}},"86":{"start":{"line":139,"column":44},"end":{"line":139,"column":null}},"87":{"start":{"line":140,"column":4},"end":{"line":166,"column":null}},"88":{"start":{"line":141,"column":24},"end":{"line":141,"column":null}},"89":{"start":{"line":142,"column":6},"end":{"line":165,"column":null}},"90":{"start":{"line":142,"column":57},"end":{"line":142,"column":null}},"91":{"start":{"line":144,"column":21},"end":{"line":144,"column":null}},"92":{"start":{"line":144,"column":51},"end":{"line":144,"column":59}},"93":{"start":{"line":145,"column":8},"end":{"line":153,"column":null}},"94":{"start":{"line":146,"column":27},"end":{"line":146,"column":null}},"95":{"start":{"line":147,"column":10},"end":{"line":152,"column":null}},"96":{"start":{"line":147,"column":32},"end":{"line":147,"column":null}},"97":{"start":{"line":149,"column":26},"end":{"line":149,"column":null}},"98":{"start":{"line":150,"column":12},"end":{"line":151,"column":null}},"99":{"start":{"line":150,"column":36},"end":{"line":150,"column":null}},"100":{"start":{"line":150,"column":97},"end":{"line":151,"column":null}},"101":{"start":{"line":151,"column":41},"end":{"line":151,"column":null}},"102":{"start":{"line":155,"column":26},"end":{"line":155,"column":null}},"103":{"start":{"line":157,"column":8},"end":{"line":164,"column":null}},"104":{"start":{"line":158,"column":29},"end":{"line":158,"column":null}},"105":{"start":{"line":159,"column":13},"end":{"line":163,"column":null}},"106":{"start":{"line":168,"column":31},"end":{"line":168,"column":null}},"107":{"start":{"line":169,"column":15},"end":{"line":169,"column":null}},"108":{"start":{"line":170,"column":4},"end":{"line":176,"column":null}},"109":{"start":{"line":171,"column":23},"end":{"line":171,"column":null}},"110":{"start":{"line":172,"column":25},"end":{"line":172,"column":null}},"111":{"start":{"line":173,"column":19},"end":{"line":173,"column":null}},"112":{"start":{"line":174,"column":19},"end":{"line":174,"column":null}},"113":{"start":{"line":175,"column":6},"end":{"line":175,"column":null}},"114":{"start":{"line":178,"column":25},"end":{"line":178,"column":null}},"115":{"start":{"line":179,"column":47},"end":{"line":179,"column":null}},"116":{"start":{"line":180,"column":4},"end":{"line":182,"column":null}},"117":{"start":{"line":181,"column":6},"end":{"line":181,"column":null}},"118":{"start":{"line":184,"column":34},"end":{"line":184,"column":null}},"119":{"start":{"line":185,"column":25},"end":{"line":185,"column":null}},"120":{"start":{"line":186,"column":4},"end":{"line":188,"column":null}},"121":{"start":{"line":187,"column":7},"end":{"line":187,"column":null}},"122":{"start":{"line":187,"column":59},"end":{"line":187,"column":93}},"123":{"start":{"line":191,"column":23},"end":{"line":191,"column":null}},"124":{"start":{"line":192,"column":37},"end":{"line":192,"column":null}},"125":{"start":{"line":193,"column":4},"end":{"line":195,"column":null}},"126":{"start":{"line":194,"column":6},"end":{"line":194,"column":null}},"127":{"start":{"line":197,"column":31},"end":{"line":197,"column":null}},"128":{"start":{"line":199,"column":4},"end":{"line":210,"column":null}},"129":{"start":{"line":200,"column":21},"end":{"line":200,"column":null}},"130":{"start":{"line":201,"column":18},"end":{"line":201,"column":null}},"131":{"start":{"line":202,"column":23},"end":{"line":202,"column":null}},"132":{"start":{"line":203,"column":6},"end":{"line":209,"column":null}},"133":{"start":{"line":204,"column":8},"end":{"line":208,"column":null}},"134":{"start":{"line":205,"column":10},"end":{"line":205,"column":null}},"135":{"start":{"line":205,"column":26},"end":{"line":205,"column":null}},"136":{"start":{"line":206,"column":10},"end":{"line":206,"column":null}},"137":{"start":{"line":206,"column":36},"end":{"line":206,"column":null}},"138":{"start":{"line":207,"column":10},"end":{"line":207,"column":null}},"139":{"start":{"line":207,"column":27},"end":{"line":207,"column":null}},"140":{"start":{"line":212,"column":4},"end":{"line":212,"column":35}},"141":{"start":{"line":212,"column":35},"end":{"line":212,"column":null}},"142":{"start":{"line":213,"column":4},"end":{"line":213,"column":27}},"143":{"start":{"line":213,"column":27},"end":{"line":213,"column":55}},"144":{"start":{"line":213,"column":55},"end":{"line":213,"column":null}},"145":{"start":{"line":214,"column":4},"end":{"line":214,"column":31}},"146":{"start":{"line":214,"column":31},"end":{"line":214,"column":68}},"147":{"start":{"line":214,"column":68},"end":{"line":214,"column":null}},"148":{"start":{"line":215,"column":4},"end":{"line":215,"column":null}},"149":{"start":{"line":218,"column":2},"end":{"line":218,"column":null}}},"fnMap":{"0":{"name":"(anonymous_0)","decl":{"start":{"line":28,"column":22},"end":{"line":28,"column":23}},"loc":{"start":{"line":28,"column":68},"end":{"line":38,"column":null}},"line":28},"1":{"name":"(anonymous_1)","decl":{"start":{"line":32,"column":42},"end":{"line":32,"column":null}},"loc":{"start":{"line":33,"column":4},"end":{"line":33,"column":null}},"line":33},"2":{"name":"(anonymous_2)","decl":{"start":{"line":40,"column":29},"end":{"line":40,"column":30}},"loc":{"start":{"line":40,"column":62},"end":{"line":94,"column":null}},"line":40},"3":{"name":"(anonymous_3)","decl":{"start":{"line":65,"column":25},"end":{"line":65,"column":26}},"loc":{"start":{"line":65,"column":40},"end":{"line":70,"column":null}},"line":65},"4":{"name":"(anonymous_4)","decl":{"start":{"line":96,"column":32},"end":{"line":96,"column":33}},"loc":{"start":{"line":96,"column":51},"end":{"line":219,"column":null}},"line":96},"5":{"name":"(anonymous_5)","decl":{"start":{"line":110,"column":12},"end":{"line":110,"column":18}},"loc":{"start":{"line":110,"column":18},"end":{"line":216,"column":5}},"line":110},"6":{"name":"(anonymous_6)","decl":{"start":{"line":144,"column":46},"end":{"line":144,"column":51}},"loc":{"start":{"line":144,"column":51},"end":{"line":144,"column":59}},"line":144},"7":{"name":"(anonymous_7)","decl":{"start":{"line":145,"column":21},"end":{"line":145,"column":26}},"loc":{"start":{"line":145,"column":26},"end":{"line":153,"column":9}},"line":145},"8":{"name":"(anonymous_8)","decl":{"start":{"line":187,"column":54},"end":{"line":187,"column":59}},"loc":{"start":{"line":187,"column":59},"end":{"line":187,"column":93}},"line":187},"9":{"name":"(anonymous_9)","decl":{"start":{"line":203,"column":23},"end":{"line":203,"column":24}},"loc":{"start":{"line":203,"column":38},"end":{"line":209,"column":7}},"line":203}},"branchMap":{"0":{"loc":{"start":{"line":29,"column":2},"end":{"line":29,"column":null}},"type":"if","locations":[{"start":{"line":29,"column":2},"end":{"line":29,"column":null}},{"start":{},"end":{}}],"line":29},"1":{"loc":{"start":{"line":30,"column":2},"end":{"line":30,"column":null}},"type":"if","locations":[{"start":{"line":30,"column":2},"end":{"line":30,"column":null}},{"start":{},"end":{}}],"line":30},"2":{"loc":{"start":{"line":33,"column":4},"end":{"line":33,"column":null}},"type":"binary-expr","locations":[{"start":{"line":33,"column":4},"end":{"line":33,"column":60}},{"start":{"line":33,"column":60},"end":{"line":33,"column":null}}],"line":33},"3":{"loc":{"start":{"line":36,"column":2},"end":{"line":36,"column":null}},"type":"if","locations":[{"start":{"line":36,"column":2},"end":{"line":36,"column":null}},{"start":{},"end":{}}],"line":36},"4":{"loc":{"start":{"line":41,"column":2},"end":{"line":41,"column":null}},"type":"if","locations":[{"start":{"line":41,"column":2},"end":{"line":41,"column":null}},{"start":{},"end":{}}],"line":41},"5":{"loc":{"start":{"line":44,"column":2},"end":{"line":47,"column":null}},"type":"if","locations":[{"start":{"line":44,"column":2},"end":{"line":47,"column":null}},{"start":{},"end":{}}],"line":44},"6":{"loc":{"start":{"line":46,"column":11},"end":{"line":46,"column":null}},"type":"cond-expr","locations":[{"start":{"line":46,"column":31},"end":{"line":46,"column":37}},{"start":{"line":46,"column":37},"end":{"line":46,"column":null}}],"line":46},"7":{"loc":{"start":{"line":49,"column":2},"end":{"line":51,"column":null}},"type":"if","locations":[{"start":{"line":49,"column":2},"end":{"line":51,"column":null}},{"start":{},"end":{}}],"line":49},"8":{"loc":{"start":{"line":49,"column":6},"end":{"line":49,"column":53}},"type":"binary-expr","locations":[{"start":{"line":49,"column":6},"end":{"line":49,"column":29}},{"start":{"line":49,"column":29},"end":{"line":49,"column":53}}],"line":49},"9":{"loc":{"start":{"line":53,"column":2},"end":{"line":91,"column":null}},"type":"if","locations":[{"start":{"line":53,"column":2},"end":{"line":91,"column":null}},{"start":{},"end":{}}],"line":53},"10":{"loc":{"start":{"line":57,"column":4},"end":{"line":59,"column":null}},"type":"if","locations":[{"start":{"line":57,"column":4},"end":{"line":59,"column":null}},{"start":{},"end":{}}],"line":57},"11":{"loc":{"start":{"line":58,"column":13},"end":{"line":58,"column":null}},"type":"binary-expr","locations":[{"start":{"line":58,"column":13},"end":{"line":58,"column":41}},{"start":{"line":58,"column":41},"end":{"line":58,"column":null}}],"line":58},"12":{"loc":{"start":{"line":60,"column":4},"end":{"line":62,"column":null}},"type":"if","locations":[{"start":{"line":60,"column":4},"end":{"line":62,"column":null}},{"start":{},"end":{}}],"line":60},"13":{"loc":{"start":{"line":61,"column":13},"end":{"line":61,"column":null}},"type":"binary-expr","locations":[{"start":{"line":61,"column":13},"end":{"line":61,"column":41}},{"start":{"line":61,"column":41},"end":{"line":61,"column":null}}],"line":61},"14":{"loc":{"start":{"line":66,"column":6},"end":{"line":66,"column":null}},"type":"if","locations":[{"start":{"line":66,"column":6},"end":{"line":66,"column":null}},{"start":{},"end":{}}],"line":66},"15":{"loc":{"start":{"line":67,"column":6},"end":{"line":67,"column":null}},"type":"if","locations":[{"start":{"line":67,"column":6},"end":{"line":67,"column":null}},{"start":{},"end":{}}],"line":67},"16":{"loc":{"start":{"line":68,"column":6},"end":{"line":68,"column":null}},"type":"if","locations":[{"start":{"line":68,"column":6},"end":{"line":68,"column":null}},{"start":{},"end":{}}],"line":68},"17":{"loc":{"start":{"line":68,"column":10},"end":{"line":68,"column":99}},"type":"binary-expr","locations":[{"start":{"line":68,"column":10},"end":{"line":68,"column":36}},{"start":{"line":68,"column":36},"end":{"line":68,"column":62}},{"start":{"line":68,"column":62},"end":{"line":68,"column":99}}],"line":68},"18":{"loc":{"start":{"line":76,"column":4},"end":{"line":76,"column":null}},"type":"if","locations":[{"start":{"line":76,"column":4},"end":{"line":76,"column":null}},{"start":{},"end":{}}],"line":76},"19":{"loc":{"start":{"line":76,"column":8},"end":{"line":76,"column":61}},"type":"binary-expr","locations":[{"start":{"line":76,"column":8},"end":{"line":76,"column":33}},{"start":{"line":76,"column":33},"end":{"line":76,"column":61}}],"line":76},"20":{"loc":{"start":{"line":78,"column":4},"end":{"line":90,"column":null}},"type":"switch","locations":[{"start":{"line":79,"column":6},"end":{"line":79,"column":null}},{"start":{"line":80,"column":6},"end":{"line":80,"column":null}},{"start":{"line":81,"column":6},"end":{"line":81,"column":null}},{"start":{"line":82,"column":6},"end":{"line":82,"column":null}},{"start":{"line":83,"column":6},"end":{"line":83,"column":null}},{"start":{"line":84,"column":6},"end":{"line":84,"column":null}},{"start":{"line":85,"column":6},"end":{"line":85,"column":null}},{"start":{"line":86,"column":6},"end":{"line":88,"column":null}},{"start":{"line":89,"column":6},"end":{"line":89,"column":null}}],"line":78},"21":{"loc":{"start":{"line":113,"column":4},"end":{"line":118,"column":null}},"type":"if","locations":[{"start":{"line":113,"column":4},"end":{"line":118,"column":null}},{"start":{},"end":{}}],"line":113},"22":{"loc":{"start":{"line":127,"column":4},"end":{"line":130,"column":null}},"type":"if","locations":[{"start":{"line":127,"column":4},"end":{"line":130,"column":null}},{"start":{},"end":{}}],"line":127},"23":{"loc":{"start":{"line":135,"column":6},"end":{"line":135,"column":null}},"type":"if","locations":[{"start":{"line":135,"column":6},"end":{"line":135,"column":null}},{"start":{},"end":{}}],"line":135},"24":{"loc":{"start":{"line":140,"column":4},"end":{"line":166,"column":null}},"type":"if","locations":[{"start":{"line":140,"column":4},"end":{"line":166,"column":null}},{"start":{},"end":{}}],"line":140},"25":{"loc":{"start":{"line":140,"column":8},"end":{"line":140,"column":41}},"type":"binary-expr","locations":[{"start":{"line":140,"column":8},"end":{"line":140,"column":23}},{"start":{"line":140,"column":23},"end":{"line":140,"column":41}}],"line":140},"26":{"loc":{"start":{"line":142,"column":6},"end":{"line":165,"column":null}},"type":"if","locations":[{"start":{"line":142,"column":6},"end":{"line":165,"column":null}},{"start":{"line":143,"column":11},"end":{"line":165,"column":null}}],"line":142},"27":{"loc":{"start":{"line":142,"column":10},"end":{"line":142,"column":57}},"type":"binary-expr","locations":[{"start":{"line":142,"column":10},"end":{"line":142,"column":31}},{"start":{"line":142,"column":31},"end":{"line":142,"column":57}}],"line":142},"28":{"loc":{"start":{"line":147,"column":10},"end":{"line":152,"column":null}},"type":"if","locations":[{"start":{"line":147,"column":10},"end":{"line":152,"column":null}},{"start":{"line":148,"column":15},"end":{"line":152,"column":null}}],"line":147},"29":{"loc":{"start":{"line":150,"column":12},"end":{"line":151,"column":null}},"type":"if","locations":[{"start":{"line":150,"column":12},"end":{"line":151,"column":null}},{"start":{"line":150,"column":97},"end":{"line":151,"column":null}}],"line":150},"30":{"loc":{"start":{"line":150,"column":97},"end":{"line":151,"column":null}},"type":"if","locations":[{"start":{"line":150,"column":97},"end":{"line":151,"column":null}},{"start":{},"end":{}}],"line":150},"31":{"loc":{"start":{"line":158,"column":29},"end":{"line":158,"column":null}},"type":"binary-expr","locations":[{"start":{"line":158,"column":29},"end":{"line":158,"column":55}},{"start":{"line":158,"column":55},"end":{"line":158,"column":null}}],"line":158},"32":{"loc":{"start":{"line":170,"column":4},"end":{"line":176,"column":null}},"type":"if","locations":[{"start":{"line":170,"column":4},"end":{"line":176,"column":null}},{"start":{},"end":{}}],"line":170},"33":{"loc":{"start":{"line":170,"column":8},"end":{"line":170,"column":32}},"type":"binary-expr","locations":[{"start":{"line":170,"column":8},"end":{"line":170,"column":14}},{"start":{"line":170,"column":14},"end":{"line":170,"column":32}}],"line":170},"34":{"loc":{"start":{"line":171,"column":23},"end":{"line":171,"column":null}},"type":"cond-expr","locations":[{"start":{"line":171,"column":62},"end":{"line":171,"column":76}},{"start":{"line":171,"column":76},"end":{"line":171,"column":null}}],"line":171},"35":{"loc":{"start":{"line":173,"column":19},"end":{"line":173,"column":null}},"type":"cond-expr","locations":[{"start":{"line":173,"column":76},"end":{"line":173,"column":84}},{"start":{"line":173,"column":84},"end":{"line":173,"column":null}}],"line":173},"36":{"loc":{"start":{"line":174,"column":19},"end":{"line":174,"column":null}},"type":"cond-expr","locations":[{"start":{"line":174,"column":76},"end":{"line":174,"column":84}},{"start":{"line":174,"column":84},"end":{"line":174,"column":null}}],"line":174},"37":{"loc":{"start":{"line":180,"column":4},"end":{"line":182,"column":null}},"type":"if","locations":[{"start":{"line":180,"column":4},"end":{"line":182,"column":null}},{"start":{},"end":{}}],"line":180},"38":{"loc":{"start":{"line":181,"column":61},"end":{"line":181,"column":120}},"type":"binary-expr","locations":[{"start":{"line":181,"column":61},"end":{"line":181,"column":114}},{"start":{"line":181,"column":114},"end":{"line":181,"column":120}}],"line":181},"39":{"loc":{"start":{"line":186,"column":4},"end":{"line":188,"column":null}},"type":"if","locations":[{"start":{"line":186,"column":4},"end":{"line":188,"column":null}},{"start":{},"end":{}}],"line":186},"40":{"loc":{"start":{"line":187,"column":59},"end":{"line":187,"column":93}},"type":"binary-expr","locations":[{"start":{"line":187,"column":59},"end":{"line":187,"column":85}},{"start":{"line":187,"column":85},"end":{"line":187,"column":93}}],"line":187},"41":{"loc":{"start":{"line":193,"column":4},"end":{"line":195,"column":null}},"type":"if","locations":[{"start":{"line":193,"column":4},"end":{"line":195,"column":null}},{"start":{},"end":{}}],"line":193},"42":{"loc":{"start":{"line":202,"column":23},"end":{"line":202,"column":null}},"type":"cond-expr","locations":[{"start":{"line":202,"column":44},"end":{"line":202,"column":50}},{"start":{"line":202,"column":50},"end":{"line":202,"column":null}}],"line":202},"43":{"loc":{"start":{"line":204,"column":8},"end":{"line":208,"column":null}},"type":"if","locations":[{"start":{"line":204,"column":8},"end":{"line":208,"column":null}},{"start":{},"end":{}}],"line":204},"44":{"loc":{"start":{"line":205,"column":10},"end":{"line":205,"column":null}},"type":"if","locations":[{"start":{"line":205,"column":10},"end":{"line":205,"column":null}},{"start":{},"end":{}}],"line":205},"45":{"loc":{"start":{"line":206,"column":10},"end":{"line":206,"column":null}},"type":"if","locations":[{"start":{"line":206,"column":10},"end":{"line":206,"column":null}},{"start":{},"end":{}}],"line":206},"46":{"loc":{"start":{"line":207,"column":10},"end":{"line":207,"column":null}},"type":"if","locations":[{"start":{"line":207,"column":10},"end":{"line":207,"column":null}},{"start":{},"end":{}}],"line":207}},"s":{"0":1,"1":10,"2":3,"3":7,"4":2,"5":5,"6":18,"7":5,"8":2,"9":3,"10":1,"11":26,"12":1,"13":25,"14":2,"15":2,"16":23,"17":2,"18":21,"19":20,"20":20,"21":1,"22":19,"23":1,"24":18,"25":36,"26":0,"27":36,"28":8,"29":28,"30":27,"31":1,"32":18,"33":18,"34":18,"35":2,"36":16,"37":5,"38":4,"39":1,"40":1,"41":1,"42":2,"43":1,"44":1,"45":1,"46":1,"47":1,"48":20,"49":20,"50":20,"51":20,"52":20,"53":20,"54":20,"55":20,"56":20,"57":20,"58":20,"59":10,"60":10,"61":1,"62":1,"63":1,"64":1,"65":1,"66":1,"67":1,"68":1,"69":1,"70":1,"71":1,"72":9,"73":9,"74":9,"75":9,"76":9,"77":9,"78":9,"79":8,"80":8,"81":9,"82":9,"83":3,"84":3,"85":9,"86":9,"87":9,"88":8,"89":8,"90":6,"91":2,"92":5,"93":2,"94":5,"95":5,"96":0,"97":5,"98":5,"99":2,"100":3,"101":3,"102":2,"103":2,"104":2,"105":2,"106":9,"107":9,"108":9,"109":2,"110":2,"111":2,"112":2,"113":2,"114":9,"115":9,"116":9,"117":1,"118":9,"119":9,"120":9,"121":1,"122":2,"123":9,"124":9,"125":9,"126":1,"127":9,"128":9,"129":9,"130":9,"131":9,"132":10,"133":7,"134":7,"135":1,"136":7,"137":0,"138":7,"139":0,"140":9,"141":9,"142":9,"143":9,"144":9,"145":9,"146":9,"147":9,"148":9,"149":20},"f":{"0":10,"1":18,"2":26,"3":36,"4":20,"5":10,"6":5,"7":5,"8":2,"9":7},"b":{"0":[3,7],"1":[2,5],"2":[18,14],"3":[2,3],"4":[1,25],"5":[2,23],"6":[1,1],"7":[2,21],"8":[23,22],"9":[20,1],"10":[1,19],"11":[1,1],"12":[1,18],"13":[1,1],"14":[0,36],"15":[8,28],"16":[27,1],"17":[28,5,2],"18":[2,16],"19":[18,2],"20":[16,4,1,1,1,1,2,1,1],"21":[1,9],"22":[8,1],"23":[3,0],"24":[8,1],"25":[9,8],"26":[6,2],"27":[8,3],"28":[0,5],"29":[2,3],"30":[3,0],"31":[2,1],"32":[2,7],"33":[9,2],"34":[1,1],"35":[1,1],"36":[1,1],"37":[1,8],"38":[1,0],"39":[1,8],"40":[2,1],"41":[1,8],"42":[0,7],"43":[7,0],"44":[1,6],"45":[0,7],"46":[0,7]},"meta":{"lastBranch":47,"lastFunction":10,"lastStatement":150,"seen":{"s:28:22:38:Infinity":0,"f:28:22:28:23":0,"b:29:2:29:Infinity:undefined:undefined:undefined:undefined":0,"s:29:2:29:Infinity":1,"s:29:13:29:Infinity":2,"b:30:2:30:Infinity:undefined:undefined:undefined:undefined":1,"s:30:2:30:Infinity":3,"s:30:33:30:Infinity":4,"s:32:18:34:Infinity":5,"f:32:42:32:Infinity":1,"s:33:4:33:Infinity":6,"b:33:4:33:60:33:60:33:Infinity":2,"b:36:2:36:Infinity:undefined:undefined:undefined:undefined":3,"s:36:2:36:Infinity":7,"s:36:28:36:Infinity":8,"s:37:2:37:Infinity":9,"s:40:29:94:Infinity":10,"f:40:29:40:30":2,"b:41:2:41:Infinity:undefined:undefined:undefined:undefined":4,"s:41:2:41:Infinity":11,"s:41:12:41:Infinity":12,"b:44:2:47:Infinity:undefined:undefined:undefined:undefined":5,"s:44:2:47:Infinity":13,"s:45:16:45:Infinity":14,"s:46:4:46:Infinity":15,"b:46:31:46:37:46:37:46:Infinity":6,"b:49:2:51:Infinity:undefined:undefined:undefined:undefined":7,"s:49:2:51:Infinity":16,"b:49:6:49:29:49:29:49:53":8,"s:50:4:50:Infinity":17,"b:53:2:91:Infinity:undefined:undefined:undefined:undefined":9,"s:53:2:91:Infinity":18,"s:54:38:54:Infinity":19,"b:57:4:59:Infinity:undefined:undefined:undefined:undefined":10,"s:57:4:59:Infinity":20,"s:58:6:58:Infinity":21,"b:58:13:58:41:58:41:58:Infinity":11,"b:60:4:62:Infinity:undefined:undefined:undefined:undefined":12,"s:60:4:62:Infinity":22,"s:61:6:61:Infinity":23,"b:61:13:61:41:61:41:61:Infinity":13,"s:65:25:70:Infinity":24,"f:65:25:65:26":3,"b:66:6:66:Infinity:undefined:undefined:undefined:undefined":14,"s:66:6:66:Infinity":25,"s:66:17:66:Infinity":26,"b:67:6:67:Infinity:undefined:undefined:undefined:undefined":15,"s:67:6:67:Infinity":27,"s:67:38:67:Infinity":28,"b:68:6:68:Infinity:undefined:undefined:undefined:undefined":16,"s:68:6:68:Infinity":29,"b:68:10:68:36:68:36:68:62:68:62:68:99":17,"s:68:99:68:Infinity":30,"s:69:6:69:Infinity":31,"s:72:20:72:Infinity":32,"s:73:21:73:Infinity":33,"b:76:4:76:Infinity:undefined:undefined:undefined:undefined":18,"s:76:4:76:Infinity":34,"b:76:8:76:33:76:33:76:61":19,"s:76:61:76:Infinity":35,"b:79:6:79:Infinity:80:6:80:Infinity:81:6:81:Infinity:82:6:82:Infinity:83:6:83:Infinity:84:6:84:Infinity:85:6:85:Infinity:86:6:88:Infinity:89:6:89:Infinity":20,"s:78:4:90:Infinity":36,"s:79:16:79:Infinity":37,"s:80:16:80:Infinity":38,"s:81:16:81:Infinity":39,"s:82:17:82:Infinity":40,"s:83:17:83:Infinity":41,"s:85:17:85:Infinity":42,"s:87:22:87:Infinity":43,"s:88:8:88:Infinity":44,"s:89:15:89:Infinity":45,"s:93:2:93:Infinity":46,"s:96:32:219:Infinity":47,"f:96:32:96:33":4,"s:97:38:97:Infinity":48,"s:98:30:98:Infinity":49,"s:99:36:99:Infinity":50,"s:100:44:100:Infinity":51,"s:101:36:101:Infinity":52,"s:102:28:102:Infinity":53,"s:103:28:103:Infinity":54,"s:104:38:104:Infinity":55,"s:105:32:105:Infinity":56,"s:108:24:108:Infinity":57,"s:110:2:216:Infinity":58,"f:110:12:110:18":5,"s:111:23:111:Infinity":59,"b:113:4:118:Infinity:undefined:undefined:undefined:undefined":21,"s:113:4:118:Infinity":60,"s:114:6:114:27":61,"s:114:27:114:46":62,"s:114:46:114:Infinity":63,"s:115:6:115:30":64,"s:115:30:115:52":65,"s:115:52:115:Infinity":66,"s:116:6:116:22":67,"s:116:22:116:43":68,"s:116:43:116:63":69,"s:116:63:116:Infinity":70,"s:117:6:117:Infinity":71,"s:120:35:120:Infinity":72,"s:121:47:121:Infinity":73,"s:122:16:122:Infinity":74,"s:123:41:123:Infinity":75,"s:124:27:124:Infinity":76,"s:126:22:126:Infinity":77,"b:127:4:130:Infinity:undefined:undefined:undefined:undefined":22,"s:127:4:130:Infinity":78,"s:128:6:128:Infinity":79,"s:129:6:129:Infinity":80,"s:132:27:132:Infinity":81,"s:134:4:136:Infinity":82,"b:135:6:135:Infinity:undefined:undefined:undefined:undefined":23,"s:135:6:135:Infinity":83,"s:135:45:135:Infinity":84,"s:138:24:138:Infinity":85,"s:139:44:139:Infinity":86,"b:140:4:166:Infinity:undefined:undefined:undefined:undefined":24,"s:140:4:166:Infinity":87,"b:140:8:140:23:140:23:140:41":25,"s:141:24:141:Infinity":88,"b:142:6:165:Infinity:143:11:165:Infinity":26,"s:142:6:165:Infinity":89,"b:142:10:142:31:142:31:142:57":27,"s:142:57:142:Infinity":90,"s:144:21:144:Infinity":91,"f:144:46:144:51":6,"s:144:51:144:59":92,"s:145:8:153:Infinity":93,"f:145:21:145:26":7,"s:146:27:146:Infinity":94,"b:147:10:152:Infinity:148:15:152:Infinity":28,"s:147:10:152:Infinity":95,"s:147:32:147:Infinity":96,"s:149:26:149:Infinity":97,"b:150:12:151:Infinity:150:97:151:Infinity":29,"s:150:12:151:Infinity":98,"s:150:36:150:Infinity":99,"b:150:97:151:Infinity:undefined:undefined:undefined:undefined":30,"s:150:97:151:Infinity":100,"s:151:41:151:Infinity":101,"s:155:26:155:Infinity":102,"s:157:8:164:Infinity":103,"s:158:29:158:Infinity":104,"b:158:29:158:55:158:55:158:Infinity":31,"s:159:13:163:Infinity":105,"s:168:31:168:Infinity":106,"s:169:15:169:Infinity":107,"b:170:4:176:Infinity:undefined:undefined:undefined:undefined":32,"s:170:4:176:Infinity":108,"b:170:8:170:14:170:14:170:32":33,"s:171:23:171:Infinity":109,"b:171:62:171:76:171:76:171:Infinity":34,"s:172:25:172:Infinity":110,"s:173:19:173:Infinity":111,"b:173:76:173:84:173:84:173:Infinity":35,"s:174:19:174:Infinity":112,"b:174:76:174:84:174:84:174:Infinity":36,"s:175:6:175:Infinity":113,"s:178:25:178:Infinity":114,"s:179:47:179:Infinity":115,"b:180:4:182:Infinity:undefined:undefined:undefined:undefined":37,"s:180:4:182:Infinity":116,"s:181:6:181:Infinity":117,"b:181:61:181:114:181:114:181:120":38,"s:184:34:184:Infinity":118,"s:185:25:185:Infinity":119,"b:186:4:188:Infinity:undefined:undefined:undefined:undefined":39,"s:186:4:188:Infinity":120,"s:187:7:187:Infinity":121,"f:187:54:187:59":8,"s:187:59:187:93":122,"b:187:59:187:85:187:85:187:93":40,"s:191:23:191:Infinity":123,"s:192:37:192:Infinity":124,"b:193:4:195:Infinity:undefined:undefined:undefined:undefined":41,"s:193:4:195:Infinity":125,"s:194:6:194:Infinity":126,"s:197:31:197:Infinity":127,"s:199:4:210:Infinity":128,"s:200:21:200:Infinity":129,"s:201:18:201:Infinity":130,"s:202:23:202:Infinity":131,"b:202:44:202:50:202:50:202:Infinity":42,"s:203:6:209:Infinity":132,"f:203:23:203:24":9,"b:204:8:208:Infinity:undefined:undefined:undefined:undefined":43,"s:204:8:208:Infinity":133,"b:205:10:205:Infinity:undefined:undefined:undefined:undefined":44,"s:205:10:205:Infinity":134,"s:205:26:205:Infinity":135,"b:206:10:206:Infinity:undefined:undefined:undefined:undefined":45,"s:206:10:206:Infinity":136,"s:206:36:206:Infinity":137,"b:207:10:207:Infinity:undefined:undefined:undefined:undefined":46,"s:207:10:207:Infinity":138,"s:207:27:207:Infinity":139,"s:212:4:212:35":140,"s:212:35:212:Infinity":141,"s:213:4:213:27":142,"s:213:27:213:55":143,"s:213:55:213:Infinity":144,"s:214:4:214:31":145,"s:214:31:214:68":146,"s:214:68:214:Infinity":147,"s:215:4:215:Infinity":148,"s:218:2:218:Infinity":149}}}
,"C:\\Users\\jesus\\Desktop\\SeeQL\\src\\utils\\traductorSQL.ts": {"path":"C:\\Users\\jesus\\Desktop\\SeeQL\\src\\utils\\traductorSQL.ts","statementMap":{"0":{"start":{"line":1,"column":32},"end":{"line":50,"column":null}},"1":{"start":{"line":2,"column":2},"end":{"line":2,"column":null}},"2":{"start":{"line":2,"column":24},"end":{"line":2,"column":null}},"3":{"start":{"line":4,"column":14},"end":{"line":4,"column":null}},"4":{"start":{"line":6,"column":2},"end":{"line":8,"column":null}},"5":{"start":{"line":7,"column":4},"end":{"line":7,"column":null}},"6":{"start":{"line":11,"column":2},"end":{"line":11,"column":null}},"7":{"start":{"line":14,"column":2},"end":{"line":18,"column":null}},"8":{"start":{"line":15,"column":18},"end":{"line":15,"column":null}},"9":{"start":{"line":16,"column":20},"end":{"line":16,"column":null}},"10":{"start":{"line":17,"column":4},"end":{"line":17,"column":null}},"11":{"start":{"line":21,"column":2},"end":{"line":25,"column":null}},"12":{"start":{"line":22,"column":18},"end":{"line":22,"column":null}},"13":{"start":{"line":23,"column":18},"end":{"line":23,"column":null}},"14":{"start":{"line":24,"column":4},"end":{"line":24,"column":null}},"15":{"start":{"line":28,"column":2},"end":{"line":32,"column":null}},"16":{"start":{"line":29,"column":18},"end":{"line":29,"column":null}},"17":{"start":{"line":30,"column":20},"end":{"line":30,"column":null}},"18":{"start":{"line":31,"column":4},"end":{"line":31,"column":null}},"19":{"start":{"line":35,"column":2},"end":{"line":41,"column":null}},"20":{"start":{"line":36,"column":18},"end":{"line":36,"column":null}},"21":{"start":{"line":37,"column":20},"end":{"line":37,"column":null}},"22":{"start":{"line":38,"column":4},"end":{"line":40,"column":null}},"23":{"start":{"line":44,"column":2},"end":{"line":46,"column":null}},"24":{"start":{"line":45,"column":4},"end":{"line":45,"column":null}},"25":{"start":{"line":49,"column":2},"end":{"line":49,"column":null}}},"fnMap":{"0":{"name":"(anonymous_0)","decl":{"start":{"line":1,"column":32},"end":{"line":1,"column":33}},"loc":{"start":{"line":1,"column":69},"end":{"line":50,"column":null}},"line":1}},"branchMap":{"0":{"loc":{"start":{"line":2,"column":2},"end":{"line":2,"column":null}},"type":"if","locations":[{"start":{"line":2,"column":2},"end":{"line":2,"column":null}},{"start":{},"end":{}}],"line":2},"1":{"loc":{"start":{"line":6,"column":2},"end":{"line":8,"column":null}},"type":"if","locations":[{"start":{"line":6,"column":2},"end":{"line":8,"column":null}},{"start":{},"end":{}}],"line":6},"2":{"loc":{"start":{"line":6,"column":6},"end":{"line":6,"column":83}},"type":"binary-expr","locations":[{"start":{"line":6,"column":6},"end":{"line":6,"column":37}},{"start":{"line":6,"column":37},"end":{"line":6,"column":83}}],"line":6},"3":{"loc":{"start":{"line":14,"column":2},"end":{"line":18,"column":null}},"type":"if","locations":[{"start":{"line":14,"column":2},"end":{"line":18,"column":null}},{"start":{},"end":{}}],"line":14},"4":{"loc":{"start":{"line":16,"column":20},"end":{"line":16,"column":null}},"type":"cond-expr","locations":[{"start":{"line":16,"column":28},"end":{"line":16,"column":39}},{"start":{"line":16,"column":39},"end":{"line":16,"column":null}}],"line":16},"5":{"loc":{"start":{"line":21,"column":2},"end":{"line":25,"column":null}},"type":"if","locations":[{"start":{"line":21,"column":2},"end":{"line":25,"column":null}},{"start":{},"end":{}}],"line":21},"6":{"loc":{"start":{"line":21,"column":6},"end":{"line":21,"column":66}},"type":"binary-expr","locations":[{"start":{"line":21,"column":6},"end":{"line":21,"column":34}},{"start":{"line":21,"column":34},"end":{"line":21,"column":66}}],"line":21},"7":{"loc":{"start":{"line":23,"column":18},"end":{"line":23,"column":null}},"type":"cond-expr","locations":[{"start":{"line":23,"column":26},"end":{"line":23,"column":37}},{"start":{"line":23,"column":37},"end":{"line":23,"column":null}}],"line":23},"8":{"loc":{"start":{"line":28,"column":2},"end":{"line":32,"column":null}},"type":"if","locations":[{"start":{"line":28,"column":2},"end":{"line":32,"column":null}},{"start":{},"end":{}}],"line":28},"9":{"loc":{"start":{"line":28,"column":6},"end":{"line":28,"column":100}},"type":"binary-expr","locations":[{"start":{"line":28,"column":6},"end":{"line":28,"column":33}},{"start":{"line":28,"column":33},"end":{"line":28,"column":67}},{"start":{"line":28,"column":67},"end":{"line":28,"column":100}}],"line":28},"10":{"loc":{"start":{"line":29,"column":18},"end":{"line":29,"column":null}},"type":"binary-expr","locations":[{"start":{"line":29,"column":18},"end":{"line":29,"column":75}},{"start":{"line":29,"column":75},"end":{"line":29,"column":null}}],"line":29},"11":{"loc":{"start":{"line":30,"column":20},"end":{"line":30,"column":null}},"type":"cond-expr","locations":[{"start":{"line":30,"column":28},"end":{"line":30,"column":39}},{"start":{"line":30,"column":39},"end":{"line":30,"column":null}}],"line":30},"12":{"loc":{"start":{"line":35,"column":2},"end":{"line":41,"column":null}},"type":"if","locations":[{"start":{"line":35,"column":2},"end":{"line":41,"column":null}},{"start":{},"end":{}}],"line":35},"13":{"loc":{"start":{"line":37,"column":20},"end":{"line":37,"column":null}},"type":"cond-expr","locations":[{"start":{"line":37,"column":28},"end":{"line":37,"column":39}},{"start":{"line":37,"column":39},"end":{"line":37,"column":null}}],"line":37},"14":{"loc":{"start":{"line":38,"column":11},"end":{"line":40,"column":null}},"type":"cond-expr","locations":[{"start":{"line":39,"column":8},"end":{"line":39,"column":null}},{"start":{"line":40,"column":8},"end":{"line":40,"column":null}}],"line":38},"15":{"loc":{"start":{"line":44,"column":2},"end":{"line":46,"column":null}},"type":"if","locations":[{"start":{"line":44,"column":2},"end":{"line":46,"column":null}},{"start":{},"end":{}}],"line":44},"16":{"loc":{"start":{"line":44,"column":6},"end":{"line":44,"column":87}},"type":"binary-expr","locations":[{"start":{"line":44,"column":6},"end":{"line":44,"column":49}},{"start":{"line":44,"column":49},"end":{"line":44,"column":87}}],"line":44}},"s":{"0":1,"1":17,"2":2,"3":15,"4":15,"5":2,"6":13,"7":13,"8":3,"9":3,"10":3,"11":10,"12":2,"13":2,"14":2,"15":8,"16":3,"17":3,"18":3,"19":5,"20":2,"21":2,"22":2,"23":3,"24":2,"25":1},"f":{"0":17},"b":{"0":[2,15],"1":[2,13],"2":[15,14],"3":[3,10],"4":[2,1],"5":[2,8],"6":[10,2],"7":[1,1],"8":[3,5],"9":[8,3,1],"10":[3,2],"11":[2,1],"12":[2,3],"13":[1,1],"14":[1,1],"15":[2,1],"16":[3,2]},"meta":{"lastBranch":17,"lastFunction":1,"lastStatement":26,"seen":{"s:1:32:50:Infinity":0,"f:1:32:1:33":0,"b:2:2:2:Infinity:undefined:undefined:undefined:undefined":0,"s:2:2:2:Infinity":1,"s:2:24:2:Infinity":2,"s:4:14:4:Infinity":3,"b:6:2:8:Infinity:undefined:undefined:undefined:undefined":1,"s:6:2:8:Infinity":4,"b:6:6:6:37:6:37:6:83":2,"s:7:4:7:Infinity":5,"s:11:2:11:Infinity":6,"b:14:2:18:Infinity:undefined:undefined:undefined:undefined":3,"s:14:2:18:Infinity":7,"s:15:18:15:Infinity":8,"s:16:20:16:Infinity":9,"b:16:28:16:39:16:39:16:Infinity":4,"s:17:4:17:Infinity":10,"b:21:2:25:Infinity:undefined:undefined:undefined:undefined":5,"s:21:2:25:Infinity":11,"b:21:6:21:34:21:34:21:66":6,"s:22:18:22:Infinity":12,"s:23:18:23:Infinity":13,"b:23:26:23:37:23:37:23:Infinity":7,"s:24:4:24:Infinity":14,"b:28:2:32:Infinity:undefined:undefined:undefined:undefined":8,"s:28:2:32:Infinity":15,"b:28:6:28:33:28:33:28:67:28:67:28:100":9,"s:29:18:29:Infinity":16,"b:29:18:29:75:29:75:29:Infinity":10,"s:30:20:30:Infinity":17,"b:30:28:30:39:30:39:30:Infinity":11,"s:31:4:31:Infinity":18,"b:35:2:41:Infinity:undefined:undefined:undefined:undefined":12,"s:35:2:41:Infinity":19,"s:36:18:36:Infinity":20,"s:37:20:37:Infinity":21,"b:37:28:37:39:37:39:37:Infinity":13,"s:38:4:40:Infinity":22,"b:39:8:39:Infinity:40:8:40:Infinity":14,"b:44:2:46:Infinity:undefined:undefined:undefined:undefined":15,"s:44:2:46:Infinity":23,"b:44:6:44:49:44:49:44:87":16,"s:45:4:45:Infinity":24,"s:49:2:49:Infinity":25}}}
}
